<?xml version="1.0" encoding="UTF-8"?>
<!-- Generated by org.testng.reporters.JUnitReportReporter -->
<testsuite hostname="IN-IT11861" failures="0" tests="1" name="Utility.GenerateExcel" time="86.612" errors="0" timestamp="2023-11-22T11:55:37 IST" skipped="0">
  <testcase classname="Utility.GenerateExcel" name="PIReport" time="86.612"/>
</testsuite> <!-- Utility.GenerateExcel -->
