<?xml version="1.0" encoding="UTF-8"?>
<!-- Generated by org.testng.reporters.JUnitReportReporter -->
<testsuite hostname="IN-IT11861" failures="0" tests="1" name="Utility.Example2" time="34.310" errors="0" timestamp="2023-12-18T14:22:36 IST" skipped="0">
  <testcase classname="Utility.Example2" name="method1" time="34.310"/>
</testsuite> <!-- Utility.Example2 -->
