<?xml version="1.0" encoding="UTF-8"?>
<!-- Generated by org.testng.reporters.JUnitReportReporter -->
<testsuite hostname="IN-IT11861" failures="0" tests="1" name="Utility.example3" time="2.777" errors="0" timestamp="2023-12-19T11:21:59 IST" skipped="0">
  <testcase classname="Utility.example3" name="method" time="2.777"/>
</testsuite> <!-- Utility.example3 -->
