<?xml version="1.0" encoding="UTF-8"?>
<!-- Generated by org.testng.reporters.JUnitReportReporter -->
<testsuite hostname="IN-IT11861" failures="0" tests="1" name="Utility.excell" time="7.300" errors="0" timestamp="2024-01-08T23:33:48 IST" skipped="0">
  <testcase classname="Utility.excell" name="method1" time="7.300"/>
</testsuite> <!-- Utility.excell -->
