<?xml version="1.0" encoding="UTF-8"?>
<!-- Generated by org.testng.reporters.JUnitReportReporter -->
<testsuite hostname="IN-IT11861" failures="0" tests="1" name="PIReport.example" time="322.698" errors="0" timestamp="2023-12-14T15:44:18 IST" skipped="0">
  <testcase classname="PIReport.example" name="PIReport" time="322.698"/>
</testsuite> <!-- PIReport.example -->
