<?xml version="1.0" encoding="UTF-8"?>
<!-- Generated by org.testng.reporters.JUnitReportReporter -->
<testsuite hostname="IN-IT11861" failures="0" tests="1" name="PIReport.GeneratePIReport" time="13643.171" errors="0" timestamp="2024-01-09T21:50:11 IST" skipped="0">
  <testcase classname="PIReport.GeneratePIReport" name="PIReport" time="13643.171"/>
</testsuite> <!-- PIReport.GeneratePIReport -->
